mean,svm_gaussian__C,pca__n_components,svm_gaussian__gamma
0.56521739130434778,0.001953125,6,0.001953125
0.56521739130434778,0.001953125,6,0.00390625
0.56521739130434778,0.001953125,6,0.0078125
0.56521739130434778,0.001953125,6,0.015625
0.56521739130434778,0.001953125,6,0.03125
0.56521739130434778,0.001953125,6,0.0625
0.56521739130434778,0.001953125,6,0.125
0.56521739130434778,0.001953125,6,0.25
0.56521739130434778,0.001953125,6,0.5
0.56521739130434778,0.001953125,6,1
0.56521739130434778,0.001953125,6,2
0.56521739130434778,0.001953125,6,4
0.56521739130434778,0.001953125,6,8
0.55652173913043479,0.001953125,6,16
0.56521739130434778,0.001953125,6,32
0.56521739130434778,0.001953125,6,64
0.56521739130434778,0.001953125,6,128
0.56521739130434778,0.001953125,6,256
0.56521739130434778,0.001953125,6,512
0.56521739130434778,0.00390625,6,0.001953125
0.56521739130434778,0.00390625,6,0.00390625
0.56521739130434778,0.00390625,6,0.0078125
0.56521739130434778,0.00390625,6,0.015625
0.56521739130434778,0.00390625,6,0.03125
0.56521739130434778,0.00390625,6,0.0625
0.56521739130434778,0.00390625,6,0.125
0.56521739130434778,0.00390625,6,0.25
0.56521739130434778,0.00390625,6,0.5
0.56521739130434778,0.00390625,6,1
0.56521739130434778,0.00390625,6,2
0.56521739130434778,0.00390625,6,4
0.56521739130434778,0.00390625,6,8
0.55652173913043479,0.00390625,6,16
0.56521739130434778,0.00390625,6,32
0.56521739130434778,0.00390625,6,64
0.56521739130434778,0.00390625,6,128
0.56521739130434778,0.00390625,6,256
0.56521739130434778,0.00390625,6,512
0.56521739130434778,0.0078125,6,0.001953125
0.56521739130434778,0.0078125,6,0.00390625
0.56521739130434778,0.0078125,6,0.0078125
0.56521739130434778,0.0078125,6,0.015625
0.56521739130434778,0.0078125,6,0.03125
0.56521739130434778,0.0078125,6,0.0625
0.56521739130434778,0.0078125,6,0.125
0.56521739130434778,0.0078125,6,0.25
0.56521739130434778,0.0078125,6,0.5
0.56521739130434778,0.0078125,6,1
0.56521739130434778,0.0078125,6,2
0.56521739130434778,0.0078125,6,4
0.56521739130434778,0.0078125,6,8
0.55652173913043479,0.0078125,6,16
0.56521739130434778,0.0078125,6,32
0.56521739130434778,0.0078125,6,64
0.56521739130434778,0.0078125,6,128
0.56521739130434778,0.0078125,6,256
0.56521739130434778,0.0078125,6,512
0.56521739130434778,0.015625,6,0.001953125
0.56521739130434778,0.015625,6,0.00390625
0.56521739130434778,0.015625,6,0.0078125
0.56521739130434778,0.015625,6,0.015625
0.56521739130434778,0.015625,6,0.03125
0.56521739130434778,0.015625,6,0.0625
0.56521739130434778,0.015625,6,0.125
0.56521739130434778,0.015625,6,0.25
0.56521739130434778,0.015625,6,0.5
0.56521739130434778,0.015625,6,1
0.56521739130434778,0.015625,6,2
0.56521739130434778,0.015625,6,4
0.56521739130434778,0.015625,6,8
0.55652173913043479,0.015625,6,16
0.56521739130434778,0.015625,6,32
0.56521739130434778,0.015625,6,64
0.56521739130434778,0.015625,6,128
0.56521739130434778,0.015625,6,256
0.56521739130434778,0.015625,6,512
0.56521739130434778,0.03125,6,0.001953125
0.56521739130434778,0.03125,6,0.00390625
0.56521739130434778,0.03125,6,0.0078125
0.56521739130434778,0.03125,6,0.015625
0.56521739130434778,0.03125,6,0.03125
0.56521739130434778,0.03125,6,0.0625
0.57391304347826089,0.03125,6,0.125
0.60434782608695647,0.03125,6,0.25
0.59130434782608698,0.03125,6,0.5
0.56521739130434778,0.03125,6,1
0.56521739130434778,0.03125,6,2
0.56521739130434778,0.03125,6,4
0.56521739130434778,0.03125,6,8
0.55652173913043479,0.03125,6,16
0.56521739130434778,0.03125,6,32
0.56521739130434778,0.03125,6,64
0.56521739130434778,0.03125,6,128
0.56521739130434778,0.03125,6,256
0.56521739130434778,0.03125,6,512
0.56521739130434778,0.0625,6,0.001953125
0.56521739130434778,0.0625,6,0.00390625
0.56521739130434778,0.0625,6,0.0078125
0.56521739130434778,0.0625,6,0.015625
0.56521739130434778,0.0625,6,0.03125
0.64782608695652177,0.0625,6,0.0625
0.72608695652173916,0.0625,6,0.125
0.67391304347826086,0.0625,6,0.25
0.67391304347826086,0.0625,6,0.5
0.65652173913043477,0.0625,6,1
0.56521739130434778,0.0625,6,2
0.56521739130434778,0.0625,6,4
0.56521739130434778,0.0625,6,8
0.55652173913043479,0.0625,6,16
0.56521739130434778,0.0625,6,32
0.56521739130434778,0.0625,6,64
0.56521739130434778,0.0625,6,128
0.56521739130434778,0.0625,6,256
0.56521739130434778,0.0625,6,512
0.56521739130434778,0.125,6,0.001953125
0.56521739130434778,0.125,6,0.00390625
0.56521739130434778,0.125,6,0.0078125
0.60434782608695647,0.125,6,0.015625
0.69130434782608696,0.125,6,0.03125
0.76086956521739135,0.125,6,0.0625
0.80000000000000004,0.125,6,0.125
0.72173913043478266,0.125,6,0.25
0.68695652173913047,0.125,6,0.5
0.65652173913043477,0.125,6,1
0.61304347826086958,0.125,6,2
0.56521739130434778,0.125,6,4
0.56521739130434778,0.125,6,8
0.55652173913043479,0.125,6,16
0.56521739130434778,0.125,6,32
0.56521739130434778,0.125,6,64
0.56521739130434778,0.125,6,128
0.56521739130434778,0.125,6,256
0.56521739130434778,0.125,6,512
0.56521739130434778,0.25,6,0.001953125
0.56521739130434778,0.25,6,0.00390625
0.59565217391304348,0.25,6,0.0078125
0.67826086956521736,0.25,6,0.015625
0.73043478260869565,0.25,6,0.03125
0.80869565217391304,0.25,6,0.0625
0.84347826086956523,0.25,6,0.125
0.83043478260869563,0.25,6,0.25
0.73478260869565215,0.25,6,0.5
0.69130434782608696,0.25,6,1
0.63913043478260867,0.25,6,2
0.59130434782608698,0.25,6,4
0.56521739130434778,0.25,6,8
0.55652173913043479,0.25,6,16
0.56521739130434778,0.25,6,32
0.56521739130434778,0.25,6,64
0.56521739130434778,0.25,6,128
0.56521739130434778,0.25,6,256
0.56521739130434778,0.25,6,512
0.56521739130434778,0.5,6,0.001953125
0.59999999999999998,0.5,6,0.00390625
0.68260869565217386,0.5,6,0.0078125
0.69565217391304346,0.5,6,0.015625
0.77391304347826084,0.5,6,0.03125
0.83043478260869563,0.5,6,0.0625
0.85217391304347823,0.5,6,0.125
0.86956521739130432,0.5,6,0.25
0.85652173913043483,0.5,6,0.5
0.74782608695652175,0.5,6,1
0.69565217391304346,0.5,6,2
0.63043478260869568,0.5,6,4
0.5347826086956522,0.5,6,8
0.55652173913043479,0.5,6,16
0.56521739130434778,0.5,6,32
0.56521739130434778,0.5,6,64
0.56521739130434778,0.5,6,128
0.56521739130434778,0.5,6,256
0.56521739130434778,0.5,6,512
0.59130434782608698,1,6,0.001953125
0.65217391304347827,1,6,0.00390625
0.67826086956521736,1,6,0.0078125
0.74347826086956526,1,6,0.015625
0.81304347826086953,1,6,0.03125
0.84782608695652173,1,6,0.0625
0.86086956521739133,1,6,0.125
0.86956521739130432,1,6,0.25
0.89130434782608692,1,6,0.5
0.83478260869565213,1,6,1
0.76956521739130435,1,6,2
0.71739130434782605,1,6,4
0.59999999999999998,1,6,8
0.59999999999999998,1,6,16
0.59999999999999998,1,6,32
0.59999999999999998,1,6,64
0.59999999999999998,1,6,128
0.59999999999999998,1,6,256
0.59999999999999998,1,6,512
0.61739130434782608,2,6,0.001953125
0.64347826086956517,2,6,0.00390625
0.69130434782608696,2,6,0.0078125
0.79130434782608694,2,6,0.015625
0.82608695652173914,2,6,0.03125
0.86086956521739133,2,6,0.0625
0.86086956521739133,2,6,0.125
0.87826086956521743,2,6,0.25
0.90000000000000002,2,6,0.5
0.83913043478260874,2,6,1
0.76086956521739135,2,6,2
0.67391304347826086,2,6,4
0.59565217391304348,2,6,8
0.59999999999999998,2,6,16
0.59999999999999998,2,6,32
0.59999999999999998,2,6,64
0.59999999999999998,2,6,128
0.59999999999999998,2,6,256
0.59999999999999998,2,6,512
0.63043478260869568,4,6,0.001953125
0.67826086956521736,4,6,0.00390625
0.73478260869565215,4,6,0.0078125
0.80869565217391304,4,6,0.015625
0.83478260869565213,4,6,0.03125
0.86086956521739133,4,6,0.0625
0.87826086956521743,4,6,0.125
0.89130434782608692,4,6,0.25
0.86956521739130432,4,6,0.5
0.82173913043478264,4,6,1
0.75652173913043474,4,6,2
0.67391304347826086,4,6,4
0.59565217391304348,4,6,8
0.59999999999999998,4,6,16
0.59999999999999998,4,6,32
0.59999999999999998,4,6,64
0.59999999999999998,4,6,128
0.59999999999999998,4,6,256
0.59999999999999998,4,6,512
0.64347826086956517,8,6,0.001953125
0.68695652173913047,8,6,0.00390625
0.79565217391304344,8,6,0.0078125
0.81739130434782614,8,6,0.015625
0.84782608695652173,8,6,0.03125
0.86086956521739133,8,6,0.0625
0.86956521739130432,8,6,0.125
0.86956521739130432,8,6,0.25
0.86956521739130432,8,6,0.5
0.82173913043478264,8,6,1
0.76086956521739135,8,6,2
0.67391304347826086,8,6,4
0.59565217391304348,8,6,8
0.59999999999999998,8,6,16
0.59999999999999998,8,6,32
0.59999999999999998,8,6,64
0.59999999999999998,8,6,128
0.59999999999999998,8,6,256
0.59999999999999998,8,6,512
0.65652173913043477,16,6,0.001953125
0.72173913043478266,16,6,0.00390625
0.81304347826086953,16,6,0.0078125
0.83913043478260874,16,6,0.015625
0.84782608695652173,16,6,0.03125
0.86956521739130432,16,6,0.0625
0.89565217391304353,16,6,0.125
0.85217391304347823,16,6,0.25
0.84782608695652173,16,6,0.5
0.82173913043478264,16,6,1
0.76521739130434785,16,6,2
0.67391304347826086,16,6,4
0.59565217391304348,16,6,8
0.59999999999999998,16,6,16
0.59999999999999998,16,6,32
0.59999999999999998,16,6,64
0.59999999999999998,16,6,128
0.59999999999999998,16,6,256
0.59999999999999998,16,6,512
0.68260869565217386,32,6,0.001953125
0.80434782608695654,32,6,0.00390625
0.81304347826086953,32,6,0.0078125
0.84782608695652173,32,6,0.015625
0.84347826086956523,32,6,0.03125
0.87391304347826082,32,6,0.0625
0.87391304347826082,32,6,0.125
0.85217391304347823,32,6,0.25
0.85217391304347823,32,6,0.5
0.81739130434782614,32,6,1
0.76521739130434785,32,6,2
0.67391304347826086,32,6,4
0.59565217391304348,32,6,8
0.59999999999999998,32,6,16
0.59999999999999998,32,6,32
0.59999999999999998,32,6,64
0.59999999999999998,32,6,128
0.59999999999999998,32,6,256
0.59999999999999998,32,6,512
0.72173913043478266,64,6,0.001953125
0.81304347826086953,64,6,0.00390625
0.83478260869565213,64,6,0.0078125
0.83913043478260874,64,6,0.015625
0.85217391304347823,64,6,0.03125
0.86956521739130432,64,6,0.0625
0.86086956521739133,64,6,0.125
0.83478260869565213,64,6,0.25
0.83913043478260874,64,6,0.5
0.80869565217391304,64,6,1
0.76521739130434785,64,6,2
0.67391304347826086,64,6,4
0.59565217391304348,64,6,8
0.59999999999999998,64,6,16
0.59999999999999998,64,6,32
0.59999999999999998,64,6,64
0.59999999999999998,64,6,128
0.59999999999999998,64,6,256
0.59999999999999998,64,6,512
0.80434782608695654,128,6,0.001953125
0.81304347826086953,128,6,0.00390625
0.84782608695652173,128,6,0.0078125
0.84347826086956523,128,6,0.015625
0.86521739130434783,128,6,0.03125
0.88260869565217392,128,6,0.0625
0.84347826086956523,128,6,0.125
0.83913043478260874,128,6,0.25
0.82608695652173914,128,6,0.5
0.80869565217391304,128,6,1
0.76521739130434785,128,6,2
0.67391304347826086,128,6,4
0.59565217391304348,128,6,8
0.59999999999999998,128,6,16
0.59999999999999998,128,6,32
0.59999999999999998,128,6,64
0.59999999999999998,128,6,128
0.59999999999999998,128,6,256
0.59999999999999998,128,6,512
0.80869565217391304,256,6,0.001953125
0.83913043478260874,256,6,0.00390625
0.83913043478260874,256,6,0.0078125
0.84782608695652173,256,6,0.015625
0.86956521739130432,256,6,0.03125
0.86956521739130432,256,6,0.0625
0.84347826086956523,256,6,0.125
0.84782608695652173,256,6,0.25
0.82608695652173914,256,6,0.5
0.80869565217391304,256,6,1
0.76521739130434785,256,6,2
0.67391304347826086,256,6,4
0.59565217391304348,256,6,8
0.59999999999999998,256,6,16
0.59999999999999998,256,6,32
0.59999999999999998,256,6,64
0.59999999999999998,256,6,128
0.59999999999999998,256,6,256
0.59999999999999998,256,6,512
0.81304347826086953,512,6,0.001953125
0.84782608695652173,512,6,0.00390625
0.83478260869565213,512,6,0.0078125
0.85652173913043483,512,6,0.015625
0.86521739130434783,512,6,0.03125
0.85652173913043483,512,6,0.0625
0.85217391304347823,512,6,0.125
0.85217391304347823,512,6,0.25
0.82608695652173914,512,6,0.5
0.80869565217391304,512,6,1
0.76521739130434785,512,6,2
0.67391304347826086,512,6,4
0.59565217391304348,512,6,8
0.59999999999999998,512,6,16
0.59999999999999998,512,6,32
0.59999999999999998,512,6,64
0.59999999999999998,512,6,128
0.59999999999999998,512,6,256
0.59999999999999998,512,6,512
0.56521739130434778,0.001953125,12,0.001953125
0.56521739130434778,0.001953125,12,0.00390625
0.56521739130434778,0.001953125,12,0.0078125
0.56521739130434778,0.001953125,12,0.015625
0.56521739130434778,0.001953125,12,0.03125
0.56521739130434778,0.001953125,12,0.0625
0.56521739130434778,0.001953125,12,0.125
0.56521739130434778,0.001953125,12,0.25
0.56521739130434778,0.001953125,12,0.5
0.56521739130434778,0.001953125,12,1
0.55652173913043479,0.001953125,12,2
0.56086956521739129,0.001953125,12,4
0.56521739130434778,0.001953125,12,8
0.56521739130434778,0.001953125,12,16
0.56521739130434778,0.001953125,12,32
0.56521739130434778,0.001953125,12,64
0.56521739130434778,0.001953125,12,128
0.56521739130434778,0.001953125,12,256
0.56521739130434778,0.001953125,12,512
0.56521739130434778,0.00390625,12,0.001953125
0.56521739130434778,0.00390625,12,0.00390625
0.56521739130434778,0.00390625,12,0.0078125
0.56521739130434778,0.00390625,12,0.015625
0.56521739130434778,0.00390625,12,0.03125
0.56521739130434778,0.00390625,12,0.0625
0.56521739130434778,0.00390625,12,0.125
0.56521739130434778,0.00390625,12,0.25
0.56521739130434778,0.00390625,12,0.5
0.56521739130434778,0.00390625,12,1
0.55652173913043479,0.00390625,12,2
0.56086956521739129,0.00390625,12,4
0.56521739130434778,0.00390625,12,8
0.56521739130434778,0.00390625,12,16
0.56521739130434778,0.00390625,12,32
0.56521739130434778,0.00390625,12,64
0.56521739130434778,0.00390625,12,128
0.56521739130434778,0.00390625,12,256
0.56521739130434778,0.00390625,12,512
0.56521739130434778,0.0078125,12,0.001953125
0.56521739130434778,0.0078125,12,0.00390625
0.56521739130434778,0.0078125,12,0.0078125
0.56521739130434778,0.0078125,12,0.015625
0.56521739130434778,0.0078125,12,0.03125
0.56521739130434778,0.0078125,12,0.0625
0.56521739130434778,0.0078125,12,0.125
0.56521739130434778,0.0078125,12,0.25
0.56521739130434778,0.0078125,12,0.5
0.56521739130434778,0.0078125,12,1
0.55652173913043479,0.0078125,12,2
0.56086956521739129,0.0078125,12,4
0.56521739130434778,0.0078125,12,8
0.56521739130434778,0.0078125,12,16
0.56521739130434778,0.0078125,12,32
0.56521739130434778,0.0078125,12,64
0.56521739130434778,0.0078125,12,128
0.56521739130434778,0.0078125,12,256
0.56521739130434778,0.0078125,12,512
0.56521739130434778,0.015625,12,0.001953125
0.56521739130434778,0.015625,12,0.00390625
0.56521739130434778,0.015625,12,0.0078125
0.56521739130434778,0.015625,12,0.015625
0.56521739130434778,0.015625,12,0.03125
0.56521739130434778,0.015625,12,0.0625
0.56521739130434778,0.015625,12,0.125
0.56521739130434778,0.015625,12,0.25
0.56521739130434778,0.015625,12,0.5
0.56521739130434778,0.015625,12,1
0.55652173913043479,0.015625,12,2
0.56086956521739129,0.015625,12,4
0.56521739130434778,0.015625,12,8
0.56521739130434778,0.015625,12,16
0.56521739130434778,0.015625,12,32
0.56521739130434778,0.015625,12,64
0.56521739130434778,0.015625,12,128
0.56521739130434778,0.015625,12,256
0.56521739130434778,0.015625,12,512
0.56521739130434778,0.03125,12,0.001953125
0.56521739130434778,0.03125,12,0.00390625
0.56521739130434778,0.03125,12,0.0078125
0.56521739130434778,0.03125,12,0.015625
0.56521739130434778,0.03125,12,0.03125
0.56521739130434778,0.03125,12,0.0625
0.56956521739130439,0.03125,12,0.125
0.56521739130434778,0.03125,12,0.25
0.56521739130434778,0.03125,12,0.5
0.54782608695652169,0.03125,12,1
0.55652173913043479,0.03125,12,2
0.56086956521739129,0.03125,12,4
0.56521739130434778,0.03125,12,8
0.56521739130434778,0.03125,12,16
0.56521739130434778,0.03125,12,32
0.56521739130434778,0.03125,12,64
0.56521739130434778,0.03125,12,128
0.56521739130434778,0.03125,12,256
0.56521739130434778,0.03125,12,512
0.56521739130434778,0.0625,12,0.001953125
0.56521739130434778,0.0625,12,0.00390625
0.56521739130434778,0.0625,12,0.0078125
0.56521739130434778,0.0625,12,0.015625
0.63043478260869568,0.0625,12,0.03125
0.72608695652173916,0.0625,12,0.0625
0.70434782608695656,0.0625,12,0.125
0.69565217391304346,0.0625,12,0.25
0.59130434782608698,0.0625,12,0.5
0.54782608695652169,0.0625,12,1
0.55652173913043479,0.0625,12,2
0.56086956521739129,0.0625,12,4
0.56521739130434778,0.0625,12,8
0.56521739130434778,0.0625,12,16
0.56521739130434778,0.0625,12,32
0.56521739130434778,0.0625,12,64
0.56521739130434778,0.0625,12,128
0.56521739130434778,0.0625,12,256
0.56521739130434778,0.0625,12,512
0.56521739130434778,0.125,12,0.001953125
0.56521739130434778,0.125,12,0.00390625
0.57391304347826089,0.125,12,0.0078125
0.71304347826086956,0.125,12,0.015625
0.76521739130434785,0.125,12,0.03125
0.75652173913043474,0.125,12,0.0625
0.75217391304347825,0.125,12,0.125
0.68260869565217386,0.125,12,0.25
0.61739130434782608,0.125,12,0.5
0.53913043478260869,0.125,12,1
0.55652173913043479,0.125,12,2
0.56086956521739129,0.125,12,4
0.56521739130434778,0.125,12,8
0.56521739130434778,0.125,12,16
0.56521739130434778,0.125,12,32
0.56521739130434778,0.125,12,64
0.56521739130434778,0.125,12,128
0.56521739130434778,0.125,12,256
0.56521739130434778,0.125,12,512
0.56521739130434778,0.25,12,0.001953125
0.57391304347826089,0.25,12,0.00390625
0.69999999999999996,0.25,12,0.0078125
0.73478260869565215,0.25,12,0.015625
0.80000000000000004,0.25,12,0.03125
0.82608695652173914,0.25,12,0.0625
0.80000000000000004,0.25,12,0.125
0.73478260869565215,0.25,12,0.25
0.67391304347826086,0.25,12,0.5
0.55217391304347829,0.25,12,1
0.55652173913043479,0.25,12,2
0.56086956521739129,0.25,12,4
0.56521739130434778,0.25,12,8
0.56521739130434778,0.25,12,16
0.56521739130434778,0.25,12,32
0.56521739130434778,0.25,12,64
0.56521739130434778,0.25,12,128
0.56521739130434778,0.25,12,256
0.56521739130434778,0.25,12,512
0.58260869565217388,0.5,12,0.001953125
0.69999999999999996,0.5,12,0.00390625
0.72608695652173916,0.5,12,0.0078125
0.78260869565217395,0.5,12,0.015625
0.82173913043478264,0.5,12,0.03125
0.85652173913043483,0.5,12,0.0625
0.89130434782608692,0.5,12,0.125
0.78695652173913044,0.5,12,0.25
0.71739130434782605,0.5,12,0.5
0.64782608695652177,0.5,12,1
0.5304347826086957,0.5,12,2
0.56086956521739129,0.5,12,4
0.56521739130434778,0.5,12,8
0.56521739130434778,0.5,12,16
0.56521739130434778,0.5,12,32
0.56521739130434778,0.5,12,64
0.56521739130434778,0.5,12,128
0.56521739130434778,0.5,12,256
0.56521739130434778,0.5,12,512
0.69130434782608696,1,12,0.001953125
0.73043478260869565,1,12,0.00390625
0.76086956521739135,1,12,0.0078125
0.79565217391304344,1,12,0.015625
0.84347826086956523,1,12,0.03125
0.90000000000000002,1,12,0.0625
0.91739130434782612,1,12,0.125
0.89565217391304353,1,12,0.25
0.79565217391304344,1,12,0.5
0.74347826086956526,1,12,1
0.59999999999999998,1,12,2
0.59999999999999998,1,12,4
0.59999999999999998,1,12,8
0.59999999999999998,1,12,16
0.59999999999999998,1,12,32
0.59999999999999998,1,12,64
0.59999999999999998,1,12,128
0.59999999999999998,1,12,256
0.59999999999999998,1,12,512
0.69999999999999996,2,12,0.001953125
0.73913043478260865,2,12,0.00390625
0.76956521739130435,2,12,0.0078125
0.82608695652173914,2,12,0.015625
0.87826086956521743,2,12,0.03125
0.90434782608695652,2,12,0.0625
0.91739130434782612,2,12,0.125
0.92173913043478262,2,12,0.25
0.83913043478260874,2,12,0.5
0.78695652173913044,2,12,1
0.59999999999999998,2,12,2
0.59999999999999998,2,12,4
0.59999999999999998,2,12,8
0.59999999999999998,2,12,16
0.59999999999999998,2,12,32
0.59999999999999998,2,12,64
0.59999999999999998,2,12,128
0.59999999999999998,2,12,256
0.59999999999999998,2,12,512
0.71739130434782605,4,12,0.001953125
0.72608695652173916,4,12,0.00390625
0.80434782608695654,4,12,0.0078125
0.86521739130434783,4,12,0.015625
0.89565217391304353,4,12,0.03125
0.90869565217391302,4,12,0.0625
0.91304347826086951,4,12,0.125
0.91739130434782612,4,12,0.25
0.83913043478260874,4,12,0.5
0.78695652173913044,4,12,1
0.59999999999999998,4,12,2
0.59999999999999998,4,12,4
0.59999999999999998,4,12,8
0.59999999999999998,4,12,16
0.59999999999999998,4,12,32
0.59999999999999998,4,12,64
0.59999999999999998,4,12,128
0.59999999999999998,4,12,256
0.59999999999999998,4,12,512
0.73043478260869565,8,12,0.001953125
0.76956521739130435,8,12,0.00390625
0.81739130434782614,8,12,0.0078125
0.87391304347826082,8,12,0.015625
0.90434782608695652,8,12,0.03125
0.90869565217391302,8,12,0.0625
0.90434782608695652,8,12,0.125
0.91739130434782612,8,12,0.25
0.83913043478260874,8,12,0.5
0.78695652173913044,8,12,1
0.59999999999999998,8,12,2
0.59999999999999998,8,12,4
0.59999999999999998,8,12,8
0.59999999999999998,8,12,16
0.59999999999999998,8,12,32
0.59999999999999998,8,12,64
0.59999999999999998,8,12,128
0.59999999999999998,8,12,256
0.59999999999999998,8,12,512
0.74347826086956526,16,12,0.001953125
0.81304347826086953,16,12,0.00390625
0.87826086956521743,16,12,0.0078125
0.89130434782608692,16,12,0.015625
0.90434782608695652,16,12,0.03125
0.90434782608695652,16,12,0.0625
0.90434782608695652,16,12,0.125
0.91739130434782612,16,12,0.25
0.83913043478260874,16,12,0.5
0.78695652173913044,16,12,1
0.59999999999999998,16,12,2
0.59999999999999998,16,12,4
0.59999999999999998,16,12,8
0.59999999999999998,16,12,16
0.59999999999999998,16,12,32
0.59999999999999998,16,12,64
0.59999999999999998,16,12,128
0.59999999999999998,16,12,256
0.59999999999999998,16,12,512
0.76956521739130435,32,12,0.001953125
0.83043478260869563,32,12,0.00390625
0.87391304347826082,32,12,0.0078125
0.90869565217391302,32,12,0.015625
0.90869565217391302,32,12,0.03125
0.90434782608695652,32,12,0.0625
0.90434782608695652,32,12,0.125
0.91739130434782612,32,12,0.25
0.83913043478260874,32,12,0.5
0.78695652173913044,32,12,1
0.59999999999999998,32,12,2
0.59999999999999998,32,12,4
0.59999999999999998,32,12,8
0.59999999999999998,32,12,16
0.59999999999999998,32,12,32
0.59999999999999998,32,12,64
0.59999999999999998,32,12,128
0.59999999999999998,32,12,256
0.59999999999999998,32,12,512
0.82173913043478264,64,12,0.001953125
0.87391304347826082,64,12,0.00390625
0.90434782608695652,64,12,0.0078125
0.89565217391304353,64,12,0.015625
0.90434782608695652,64,12,0.03125
0.89130434782608692,64,12,0.0625
0.90434782608695652,64,12,0.125
0.91739130434782612,64,12,0.25
0.83913043478260874,64,12,0.5
0.78695652173913044,64,12,1
0.59999999999999998,64,12,2
0.59999999999999998,64,12,4
0.59999999999999998,64,12,8
0.59999999999999998,64,12,16
0.59999999999999998,64,12,32
0.59999999999999998,64,12,64
0.59999999999999998,64,12,128
0.59999999999999998,64,12,256
0.59999999999999998,64,12,512
0.83478260869565213,128,12,0.001953125
0.88695652173913042,128,12,0.00390625
0.90434782608695652,128,12,0.0078125
0.90434782608695652,128,12,0.015625
0.88695652173913042,128,12,0.03125
0.88695652173913042,128,12,0.0625
0.90434782608695652,128,12,0.125
0.91739130434782612,128,12,0.25
0.83913043478260874,128,12,0.5
0.78695652173913044,128,12,1
0.59999999999999998,128,12,2
0.59999999999999998,128,12,4
0.59999999999999998,128,12,8
0.59999999999999998,128,12,16
0.59999999999999998,128,12,32
0.59999999999999998,128,12,64
0.59999999999999998,128,12,128
0.59999999999999998,128,12,256
0.59999999999999998,128,12,512
0.87391304347826082,256,12,0.001953125
0.89565217391304353,256,12,0.00390625
0.90000000000000002,256,12,0.0078125
0.90000000000000002,256,12,0.015625
0.88260869565217392,256,12,0.03125
0.88695652173913042,256,12,0.0625
0.90434782608695652,256,12,0.125
0.91739130434782612,256,12,0.25
0.83913043478260874,256,12,0.5
0.78695652173913044,256,12,1
0.59999999999999998,256,12,2
0.59999999999999998,256,12,4
0.59999999999999998,256,12,8
0.59999999999999998,256,12,16
0.59999999999999998,256,12,32
0.59999999999999998,256,12,64
0.59999999999999998,256,12,128
0.59999999999999998,256,12,256
0.59999999999999998,256,12,512
0.88695652173913042,512,12,0.001953125
0.90000000000000002,512,12,0.00390625
0.90869565217391302,512,12,0.0078125
0.88260869565217392,512,12,0.015625
0.88260869565217392,512,12,0.03125
0.88695652173913042,512,12,0.0625
0.90434782608695652,512,12,0.125
0.91739130434782612,512,12,0.25
0.83913043478260874,512,12,0.5
0.78695652173913044,512,12,1
0.59999999999999998,512,12,2
0.59999999999999998,512,12,4
0.59999999999999998,512,12,8
0.59999999999999998,512,12,16
0.59999999999999998,512,12,32
0.59999999999999998,512,12,64
0.59999999999999998,512,12,128
0.59999999999999998,512,12,256
0.59999999999999998,512,12,512
0.56521739130434778,0.001953125,22,0.001953125
0.56521739130434778,0.001953125,22,0.00390625
0.56521739130434778,0.001953125,22,0.0078125
0.56521739130434778,0.001953125,22,0.015625
0.56521739130434778,0.001953125,22,0.03125
0.56521739130434778,0.001953125,22,0.0625
0.56521739130434778,0.001953125,22,0.125
0.56521739130434778,0.001953125,22,0.25
0.56521739130434778,0.001953125,22,0.5
0.57391304347826089,0.001953125,22,1
0.56521739130434778,0.001953125,22,2
0.56521739130434778,0.001953125,22,4
0.56521739130434778,0.001953125,22,8
0.56521739130434778,0.001953125,22,16
0.56521739130434778,0.001953125,22,32
0.56521739130434778,0.001953125,22,64
0.56521739130434778,0.001953125,22,128
0.56521739130434778,0.001953125,22,256
0.56521739130434778,0.001953125,22,512
0.56521739130434778,0.00390625,22,0.001953125
0.56521739130434778,0.00390625,22,0.00390625
0.56521739130434778,0.00390625,22,0.0078125
0.56521739130434778,0.00390625,22,0.015625
0.56521739130434778,0.00390625,22,0.03125
0.56521739130434778,0.00390625,22,0.0625
0.56521739130434778,0.00390625,22,0.125
0.56521739130434778,0.00390625,22,0.25
0.56086956521739129,0.00390625,22,0.5
0.57391304347826089,0.00390625,22,1
0.56521739130434778,0.00390625,22,2
0.56521739130434778,0.00390625,22,4
0.56521739130434778,0.00390625,22,8
0.56521739130434778,0.00390625,22,16
0.56521739130434778,0.00390625,22,32
0.56521739130434778,0.00390625,22,64
0.56521739130434778,0.00390625,22,128
0.56521739130434778,0.00390625,22,256
0.56521739130434778,0.00390625,22,512
0.56521739130434778,0.0078125,22,0.001953125
0.56521739130434778,0.0078125,22,0.00390625
0.56521739130434778,0.0078125,22,0.0078125
0.56521739130434778,0.0078125,22,0.015625
0.56521739130434778,0.0078125,22,0.03125
0.56521739130434778,0.0078125,22,0.0625
0.56521739130434778,0.0078125,22,0.125
0.56521739130434778,0.0078125,22,0.25
0.56086956521739129,0.0078125,22,0.5
0.57391304347826089,0.0078125,22,1
0.56521739130434778,0.0078125,22,2
0.56521739130434778,0.0078125,22,4
0.56521739130434778,0.0078125,22,8
0.56521739130434778,0.0078125,22,16
0.56521739130434778,0.0078125,22,32
0.56521739130434778,0.0078125,22,64
0.56521739130434778,0.0078125,22,128
0.56521739130434778,0.0078125,22,256
0.56521739130434778,0.0078125,22,512
0.56521739130434778,0.015625,22,0.001953125
0.56521739130434778,0.015625,22,0.00390625
0.56521739130434778,0.015625,22,0.0078125
0.56521739130434778,0.015625,22,0.015625
0.56521739130434778,0.015625,22,0.03125
0.56521739130434778,0.015625,22,0.0625
0.56521739130434778,0.015625,22,0.125
0.56521739130434778,0.015625,22,0.25
0.56086956521739129,0.015625,22,0.5
0.57391304347826089,0.015625,22,1
0.56521739130434778,0.015625,22,2
0.56521739130434778,0.015625,22,4
0.56521739130434778,0.015625,22,8
0.56521739130434778,0.015625,22,16
0.56521739130434778,0.015625,22,32
0.56521739130434778,0.015625,22,64
0.56521739130434778,0.015625,22,128
0.56521739130434778,0.015625,22,256
0.56521739130434778,0.015625,22,512
0.56521739130434778,0.03125,22,0.001953125
0.56521739130434778,0.03125,22,0.00390625
0.56521739130434778,0.03125,22,0.0078125
0.56521739130434778,0.03125,22,0.015625
0.56521739130434778,0.03125,22,0.03125
0.56521739130434778,0.03125,22,0.0625
0.56521739130434778,0.03125,22,0.125
0.56521739130434778,0.03125,22,0.25
0.56086956521739129,0.03125,22,0.5
0.57391304347826089,0.03125,22,1
0.56521739130434778,0.03125,22,2
0.56521739130434778,0.03125,22,4
0.56521739130434778,0.03125,22,8
0.56521739130434778,0.03125,22,16
0.56521739130434778,0.03125,22,32
0.56521739130434778,0.03125,22,64
0.56521739130434778,0.03125,22,128
0.56521739130434778,0.03125,22,256
0.56521739130434778,0.03125,22,512
0.56521739130434778,0.0625,22,0.001953125
0.56521739130434778,0.0625,22,0.00390625
0.56521739130434778,0.0625,22,0.0078125
0.59565217391304348,0.0625,22,0.015625
0.70869565217391306,0.0625,22,0.03125
0.72173913043478266,0.0625,22,0.0625
0.69999999999999996,0.0625,22,0.125
0.56521739130434778,0.0625,22,0.25
0.56086956521739129,0.0625,22,0.5
0.57391304347826089,0.0625,22,1
0.56521739130434778,0.0625,22,2
0.56521739130434778,0.0625,22,4
0.56521739130434778,0.0625,22,8
0.56521739130434778,0.0625,22,16
0.56521739130434778,0.0625,22,32
0.56521739130434778,0.0625,22,64
0.56521739130434778,0.0625,22,128
0.56521739130434778,0.0625,22,256
0.56521739130434778,0.0625,22,512
0.56521739130434778,0.125,22,0.001953125
0.56521739130434778,0.125,22,0.00390625
0.63478260869565217,0.125,22,0.0078125
0.73478260869565215,0.125,22,0.015625
0.77826086956521734,0.125,22,0.03125
0.74782608695652175,0.125,22,0.0625
0.71304347826086956,0.125,22,0.125
0.63913043478260867,0.125,22,0.25
0.56086956521739129,0.125,22,0.5
0.57391304347826089,0.125,22,1
0.56521739130434778,0.125,22,2
0.56521739130434778,0.125,22,4
0.56521739130434778,0.125,22,8
0.56521739130434778,0.125,22,16
0.56521739130434778,0.125,22,32
0.56521739130434778,0.125,22,64
0.56521739130434778,0.125,22,128
0.56521739130434778,0.125,22,256
0.56521739130434778,0.125,22,512
0.56521739130434778,0.25,22,0.001953125
0.63478260869565217,0.25,22,0.00390625
0.73043478260869565,0.25,22,0.0078125
0.79130434782608694,0.25,22,0.015625
0.82173913043478264,0.25,22,0.03125
0.80000000000000004,0.25,22,0.0625
0.76086956521739135,0.25,22,0.125
0.66521739130434787,0.25,22,0.25
0.58695652173913049,0.25,22,0.5
0.57391304347826089,0.25,22,1
0.56521739130434778,0.25,22,2
0.56521739130434778,0.25,22,4
0.56521739130434778,0.25,22,8
0.56521739130434778,0.25,22,16
0.56521739130434778,0.25,22,32
0.56521739130434778,0.25,22,64
0.56521739130434778,0.25,22,128
0.56521739130434778,0.25,22,256
0.56521739130434778,0.25,22,512
0.62608695652173918,0.5,22,0.001953125
0.76086956521739135,0.5,22,0.00390625
0.78260869565217395,0.5,22,0.0078125
0.82608695652173914,0.5,22,0.015625
0.84782608695652173,0.5,22,0.03125
0.86521739130434783,0.5,22,0.0625
0.80869565217391304,0.5,22,0.125
0.72608695652173916,0.5,22,0.25
0.59999999999999998,0.5,22,0.5
0.57391304347826089,0.5,22,1
0.56521739130434778,0.5,22,2
0.56521739130434778,0.5,22,4
0.56521739130434778,0.5,22,8
0.56521739130434778,0.5,22,16
0.56521739130434778,0.5,22,32
0.56521739130434778,0.5,22,64
0.56521739130434778,0.5,22,128
0.56521739130434778,0.5,22,256
0.56521739130434778,0.5,22,512
0.74782608695652175,1,22,0.001953125
0.76521739130434785,1,22,0.00390625
0.82173913043478264,1,22,0.0078125
0.84782608695652173,1,22,0.015625
0.87391304347826082,1,22,0.03125
0.90869565217391302,1,22,0.0625
0.87391304347826082,1,22,0.125
0.80000000000000004,1,22,0.25
0.73478260869565215,1,22,0.5
0.59999999999999998,1,22,1
0.59999999999999998,1,22,2
0.59999999999999998,1,22,4
0.59999999999999998,1,22,8
0.59999999999999998,1,22,16
0.59999999999999998,1,22,32
0.59999999999999998,1,22,64
0.59999999999999998,1,22,128
0.59999999999999998,1,22,256
0.59999999999999998,1,22,512
0.76086956521739135,2,22,0.001953125
0.78695652173913044,2,22,0.00390625
0.83913043478260874,2,22,0.0078125
0.85217391304347823,2,22,0.015625
0.89130434782608692,2,22,0.03125
0.91304347826086951,2,22,0.0625
0.88695652173913042,2,22,0.125
0.84347826086956523,2,22,0.25
0.59999999999999998,2,22,0.5
0.59999999999999998,2,22,1
0.59999999999999998,2,22,2
0.59999999999999998,2,22,4
0.59999999999999998,2,22,8
0.59999999999999998,2,22,16
0.59999999999999998,2,22,32
0.59999999999999998,2,22,64
0.59999999999999998,2,22,128
0.59999999999999998,2,22,256
0.59999999999999998,2,22,512
0.76956521739130435,4,22,0.001953125
0.81304347826086953,4,22,0.00390625
0.83913043478260874,4,22,0.0078125
0.86956521739130432,4,22,0.015625
0.90869565217391302,4,22,0.03125
0.91304347826086951,4,22,0.0625
0.88695652173913042,4,22,0.125
0.84347826086956523,4,22,0.25
0.59999999999999998,4,22,0.5
0.59999999999999998,4,22,1
0.59999999999999998,4,22,2
0.59999999999999998,4,22,4
0.59999999999999998,4,22,8
0.59999999999999998,4,22,16
0.59999999999999998,4,22,32
0.59999999999999998,4,22,64
0.59999999999999998,4,22,128
0.59999999999999998,4,22,256
0.59999999999999998,4,22,512
0.79565217391304344,8,22,0.001953125
0.83043478260869563,8,22,0.00390625
0.84782608695652173,8,22,0.0078125
0.90000000000000002,8,22,0.015625
0.90869565217391302,8,22,0.03125
0.91304347826086951,8,22,0.0625
0.88695652173913042,8,22,0.125
0.84347826086956523,8,22,0.25
0.59999999999999998,8,22,0.5
0.59999999999999998,8,22,1
0.59999999999999998,8,22,2
0.59999999999999998,8,22,4
0.59999999999999998,8,22,8
0.59999999999999998,8,22,16
0.59999999999999998,8,22,32
0.59999999999999998,8,22,64
0.59999999999999998,8,22,128
0.59999999999999998,8,22,256
0.59999999999999998,8,22,512
0.80000000000000004,16,22,0.001953125
0.82608695652173914,16,22,0.00390625
0.87826086956521743,16,22,0.0078125
0.89130434782608692,16,22,0.015625
0.90434782608695652,16,22,0.03125
0.91304347826086951,16,22,0.0625
0.88695652173913042,16,22,0.125
0.84347826086956523,16,22,0.25
0.59999999999999998,16,22,0.5
0.59999999999999998,16,22,1
0.59999999999999998,16,22,2
0.59999999999999998,16,22,4
0.59999999999999998,16,22,8
0.59999999999999998,16,22,16
0.59999999999999998,16,22,32
0.59999999999999998,16,22,64
0.59999999999999998,16,22,128
0.59999999999999998,16,22,256
0.59999999999999998,16,22,512
0.80434782608695654,32,22,0.001953125
0.85652173913043483,32,22,0.00390625
0.88260869565217392,32,22,0.0078125
0.89565217391304353,32,22,0.015625
0.90434782608695652,32,22,0.03125
0.91304347826086951,32,22,0.0625
0.88695652173913042,32,22,0.125
0.84347826086956523,32,22,0.25
0.59999999999999998,32,22,0.5
0.59999999999999998,32,22,1
0.59999999999999998,32,22,2
0.59999999999999998,32,22,4
0.59999999999999998,32,22,8
0.59999999999999998,32,22,16
0.59999999999999998,32,22,32
0.59999999999999998,32,22,64
0.59999999999999998,32,22,128
0.59999999999999998,32,22,256
0.59999999999999998,32,22,512
0.83043478260869563,64,22,0.001953125
0.87391304347826082,64,22,0.00390625
0.89130434782608692,64,22,0.0078125
0.89565217391304353,64,22,0.015625
0.90434782608695652,64,22,0.03125
0.91304347826086951,64,22,0.0625
0.88695652173913042,64,22,0.125
0.84347826086956523,64,22,0.25
0.59999999999999998,64,22,0.5
0.59999999999999998,64,22,1
0.59999999999999998,64,22,2
0.59999999999999998,64,22,4
0.59999999999999998,64,22,8
0.59999999999999998,64,22,16
0.59999999999999998,64,22,32
0.59999999999999998,64,22,64
0.59999999999999998,64,22,128
0.59999999999999998,64,22,256
0.59999999999999998,64,22,512
0.86086956521739133,128,22,0.001953125
0.87826086956521743,128,22,0.00390625
0.89565217391304353,128,22,0.0078125
0.89565217391304353,128,22,0.015625
0.90434782608695652,128,22,0.03125
0.91304347826086951,128,22,0.0625
0.88695652173913042,128,22,0.125
0.84347826086956523,128,22,0.25
0.59999999999999998,128,22,0.5
0.59999999999999998,128,22,1
0.59999999999999998,128,22,2
0.59999999999999998,128,22,4
0.59999999999999998,128,22,8
0.59999999999999998,128,22,16
0.59999999999999998,128,22,32
0.59999999999999998,128,22,64
0.59999999999999998,128,22,128
0.59999999999999998,128,22,256
0.59999999999999998,128,22,512
0.86956521739130432,256,22,0.001953125
0.90000000000000002,256,22,0.00390625
0.89565217391304353,256,22,0.0078125
0.89565217391304353,256,22,0.015625
0.90434782608695652,256,22,0.03125
0.91304347826086951,256,22,0.0625
0.88695652173913042,256,22,0.125
0.84347826086956523,256,22,0.25
0.59999999999999998,256,22,0.5
0.59999999999999998,256,22,1
0.59999999999999998,256,22,2
0.59999999999999998,256,22,4
0.59999999999999998,256,22,8
0.59999999999999998,256,22,16
0.59999999999999998,256,22,32
0.59999999999999998,256,22,64
0.59999999999999998,256,22,128
0.59999999999999998,256,22,256
0.59999999999999998,256,22,512
0.87826086956521743,512,22,0.001953125
0.89565217391304353,512,22,0.00390625
0.89565217391304353,512,22,0.0078125
0.89565217391304353,512,22,0.015625
0.90434782608695652,512,22,0.03125
0.91304347826086951,512,22,0.0625
0.88695652173913042,512,22,0.125
0.84347826086956523,512,22,0.25
0.59999999999999998,512,22,0.5
0.59999999999999998,512,22,1
0.59999999999999998,512,22,2
0.59999999999999998,512,22,4
0.59999999999999998,512,22,8
0.59999999999999998,512,22,16
0.59999999999999998,512,22,32
0.59999999999999998,512,22,64
0.59999999999999998,512,22,128
0.59999999999999998,512,22,256
0.59999999999999998,512,22,512
0.56521739130434778,0.001953125,44,0.001953125
0.56521739130434778,0.001953125,44,0.00390625
0.56521739130434778,0.001953125,44,0.0078125
0.56521739130434778,0.001953125,44,0.015625
0.56521739130434778,0.001953125,44,0.03125
0.56521739130434778,0.001953125,44,0.0625
0.56521739130434778,0.001953125,44,0.125
0.5304347826086957,0.001953125,44,0.25
0.56521739130434778,0.001953125,44,0.5
0.56521739130434778,0.001953125,44,1
0.56521739130434778,0.001953125,44,2
0.56521739130434778,0.001953125,44,4
0.56521739130434778,0.001953125,44,8
0.56521739130434778,0.001953125,44,16
0.56521739130434778,0.001953125,44,32
0.56521739130434778,0.001953125,44,64
0.56521739130434778,0.001953125,44,128
0.56521739130434778,0.001953125,44,256
0.56521739130434778,0.001953125,44,512
0.56521739130434778,0.00390625,44,0.001953125
0.56521739130434778,0.00390625,44,0.00390625
0.56521739130434778,0.00390625,44,0.0078125
0.56521739130434778,0.00390625,44,0.015625
0.56521739130434778,0.00390625,44,0.03125
0.56521739130434778,0.00390625,44,0.0625
0.56521739130434778,0.00390625,44,0.125
0.5304347826086957,0.00390625,44,0.25
0.56521739130434778,0.00390625,44,0.5
0.56521739130434778,0.00390625,44,1
0.56521739130434778,0.00390625,44,2
0.56521739130434778,0.00390625,44,4
0.56521739130434778,0.00390625,44,8
0.56521739130434778,0.00390625,44,16
0.56521739130434778,0.00390625,44,32
0.56521739130434778,0.00390625,44,64
0.56521739130434778,0.00390625,44,128
0.56521739130434778,0.00390625,44,256
0.56521739130434778,0.00390625,44,512
0.56521739130434778,0.0078125,44,0.001953125
0.56521739130434778,0.0078125,44,0.00390625
0.56521739130434778,0.0078125,44,0.0078125
0.56521739130434778,0.0078125,44,0.015625
0.56521739130434778,0.0078125,44,0.03125
0.56521739130434778,0.0078125,44,0.0625
0.56521739130434778,0.0078125,44,0.125
0.5304347826086957,0.0078125,44,0.25
0.56521739130434778,0.0078125,44,0.5
0.56521739130434778,0.0078125,44,1
0.56521739130434778,0.0078125,44,2
0.56521739130434778,0.0078125,44,4
0.56521739130434778,0.0078125,44,8
0.56521739130434778,0.0078125,44,16
0.56521739130434778,0.0078125,44,32
0.56521739130434778,0.0078125,44,64
0.56521739130434778,0.0078125,44,128
0.56521739130434778,0.0078125,44,256
0.56521739130434778,0.0078125,44,512
0.56521739130434778,0.015625,44,0.001953125
0.56521739130434778,0.015625,44,0.00390625
0.56521739130434778,0.015625,44,0.0078125
0.56521739130434778,0.015625,44,0.015625
0.56521739130434778,0.015625,44,0.03125
0.56521739130434778,0.015625,44,0.0625
0.56521739130434778,0.015625,44,0.125
0.5304347826086957,0.015625,44,0.25
0.56521739130434778,0.015625,44,0.5
0.56521739130434778,0.015625,44,1
0.56521739130434778,0.015625,44,2
0.56521739130434778,0.015625,44,4
0.56521739130434778,0.015625,44,8
0.56521739130434778,0.015625,44,16
0.56521739130434778,0.015625,44,32
0.56521739130434778,0.015625,44,64
0.56521739130434778,0.015625,44,128
0.56521739130434778,0.015625,44,256
0.56521739130434778,0.015625,44,512
0.56521739130434778,0.03125,44,0.001953125
0.56521739130434778,0.03125,44,0.00390625
0.56521739130434778,0.03125,44,0.0078125
0.56521739130434778,0.03125,44,0.015625
0.56521739130434778,0.03125,44,0.03125
0.56521739130434778,0.03125,44,0.0625
0.54782608695652169,0.03125,44,0.125
0.5304347826086957,0.03125,44,0.25
0.56521739130434778,0.03125,44,0.5
0.56521739130434778,0.03125,44,1
0.56521739130434778,0.03125,44,2
0.56521739130434778,0.03125,44,4
0.56521739130434778,0.03125,44,8
0.56521739130434778,0.03125,44,16
0.56521739130434778,0.03125,44,32
0.56521739130434778,0.03125,44,64
0.56521739130434778,0.03125,44,128
0.56521739130434778,0.03125,44,256
0.56521739130434778,0.03125,44,512
0.56521739130434778,0.0625,44,0.001953125
0.56521739130434778,0.0625,44,0.00390625
0.56956521739130439,0.0625,44,0.0078125
0.70434782608695656,0.0625,44,0.015625
0.74347826086956526,0.0625,44,0.03125
0.69565217391304346,0.0625,44,0.0625
0.54782608695652169,0.0625,44,0.125
0.5304347826086957,0.0625,44,0.25
0.56521739130434778,0.0625,44,0.5
0.56521739130434778,0.0625,44,1
0.56521739130434778,0.0625,44,2
0.56521739130434778,0.0625,44,4
0.56521739130434778,0.0625,44,8
0.56521739130434778,0.0625,44,16
0.56521739130434778,0.0625,44,32
0.56521739130434778,0.0625,44,64
0.56521739130434778,0.0625,44,128
0.56521739130434778,0.0625,44,256
0.56521739130434778,0.0625,44,512
0.56521739130434778,0.125,44,0.001953125
0.56956521739130439,0.125,44,0.00390625
0.74782608695652175,0.125,44,0.0078125
0.78695652173913044,0.125,44,0.015625
0.80434782608695654,0.125,44,0.03125
0.67826086956521736,0.125,44,0.0625
0.57826086956521738,0.125,44,0.125
0.5304347826086957,0.125,44,0.25
0.56521739130434778,0.125,44,0.5
0.56521739130434778,0.125,44,1
0.56521739130434778,0.125,44,2
0.56521739130434778,0.125,44,4
0.56521739130434778,0.125,44,8
0.56521739130434778,0.125,44,16
0.56521739130434778,0.125,44,32
0.56521739130434778,0.125,44,64
0.56521739130434778,0.125,44,128
0.56521739130434778,0.125,44,256
0.56521739130434778,0.125,44,512
0.56956521739130439,0.25,44,0.001953125
0.72608695652173916,0.25,44,0.00390625
0.79130434782608694,0.25,44,0.0078125
0.81304347826086953,0.25,44,0.015625
0.82608695652173914,0.25,44,0.03125
0.74782608695652175,0.25,44,0.0625
0.59130434782608698,0.25,44,0.125
0.5304347826086957,0.25,44,0.25
0.56521739130434778,0.25,44,0.5
0.56521739130434778,0.25,44,1
0.56521739130434778,0.25,44,2
0.56521739130434778,0.25,44,4
0.56521739130434778,0.25,44,8
0.56521739130434778,0.25,44,16
0.56521739130434778,0.25,44,32
0.56521739130434778,0.25,44,64
0.56521739130434778,0.25,44,128
0.56521739130434778,0.25,44,256
0.56521739130434778,0.25,44,512
0.73043478260869565,0.5,44,0.001953125
0.82173913043478264,0.5,44,0.00390625
0.83913043478260874,0.5,44,0.0078125
0.85217391304347823,0.5,44,0.015625
0.85217391304347823,0.5,44,0.03125
0.81304347826086953,0.5,44,0.0625
0.67826086956521736,0.5,44,0.125
0.49130434782608695,0.5,44,0.25
0.56521739130434778,0.5,44,0.5
0.56521739130434778,0.5,44,1
0.56521739130434778,0.5,44,2
0.56521739130434778,0.5,44,4
0.56521739130434778,0.5,44,8
0.56521739130434778,0.5,44,16
0.56521739130434778,0.5,44,32
0.56521739130434778,0.5,44,64
0.56521739130434778,0.5,44,128
0.56521739130434778,0.5,44,256
0.56521739130434778,0.5,44,512
0.83043478260869563,1,44,0.001953125
0.84347826086956523,1,44,0.00390625
0.89130434782608692,1,44,0.0078125
0.90869565217391302,1,44,0.015625
0.88260869565217392,1,44,0.03125
0.84347826086956523,1,44,0.0625
0.80434782608695654,1,44,0.125
0.59999999999999998,1,44,0.25
0.59999999999999998,1,44,0.5
0.59999999999999998,1,44,1
0.59999999999999998,1,44,2
0.59999999999999998,1,44,4
0.59999999999999998,1,44,8
0.59999999999999998,1,44,16
0.59999999999999998,1,44,32
0.59999999999999998,1,44,64
0.59999999999999998,1,44,128
0.59999999999999998,1,44,256
0.59999999999999998,1,44,512
0.87826086956521743,2,44,0.001953125
0.87391304347826082,2,44,0.00390625
0.90434782608695652,2,44,0.0078125
0.92608695652173911,2,44,0.015625
0.90434782608695652,2,44,0.03125
0.86086956521739133,2,44,0.0625
0.81304347826086953,2,44,0.125
0.59999999999999998,2,44,0.25
0.59999999999999998,2,44,0.5
0.59999999999999998,2,44,1
0.59999999999999998,2,44,2
0.59999999999999998,2,44,4
0.59999999999999998,2,44,8
0.59999999999999998,2,44,16
0.59999999999999998,2,44,32
0.59999999999999998,2,44,64
0.59999999999999998,2,44,128
0.59999999999999998,2,44,256
0.59999999999999998,2,44,512
0.88260869565217392,4,44,0.001953125
0.89565217391304353,4,44,0.00390625
0.91739130434782612,4,44,0.0078125
0.91739130434782612,4,44,0.015625
0.91304347826086951,4,44,0.03125
0.86086956521739133,4,44,0.0625
0.81304347826086953,4,44,0.125
0.59999999999999998,4,44,0.25
0.59999999999999998,4,44,0.5
0.59999999999999998,4,44,1
0.59999999999999998,4,44,2
0.59999999999999998,4,44,4
0.59999999999999998,4,44,8
0.59999999999999998,4,44,16
0.59999999999999998,4,44,32
0.59999999999999998,4,44,64
0.59999999999999998,4,44,128
0.59999999999999998,4,44,256
0.59999999999999998,4,44,512
0.87391304347826082,8,44,0.001953125
0.90434782608695652,8,44,0.00390625
0.90434782608695652,8,44,0.0078125
0.92173913043478262,8,44,0.015625
0.91304347826086951,8,44,0.03125
0.86086956521739133,8,44,0.0625
0.81304347826086953,8,44,0.125
0.59999999999999998,8,44,0.25
0.59999999999999998,8,44,0.5
0.59999999999999998,8,44,1
0.59999999999999998,8,44,2
0.59999999999999998,8,44,4
0.59999999999999998,8,44,8
0.59999999999999998,8,44,16
0.59999999999999998,8,44,32
0.59999999999999998,8,44,64
0.59999999999999998,8,44,128
0.59999999999999998,8,44,256
0.59999999999999998,8,44,512
0.90869565217391302,16,44,0.001953125
0.90434782608695652,16,44,0.00390625
0.89565217391304353,16,44,0.0078125
0.92173913043478262,16,44,0.015625
0.91304347826086951,16,44,0.03125
0.86086956521739133,16,44,0.0625
0.81304347826086953,16,44,0.125
0.59999999999999998,16,44,0.25
0.59999999999999998,16,44,0.5
0.59999999999999998,16,44,1
0.59999999999999998,16,44,2
0.59999999999999998,16,44,4
0.59999999999999998,16,44,8
0.59999999999999998,16,44,16
0.59999999999999998,16,44,32
0.59999999999999998,16,44,64
0.59999999999999998,16,44,128
0.59999999999999998,16,44,256
0.59999999999999998,16,44,512
0.90000000000000002,32,44,0.001953125
0.89565217391304353,32,44,0.00390625
0.90000000000000002,32,44,0.0078125
0.92173913043478262,32,44,0.015625
0.91304347826086951,32,44,0.03125
0.86086956521739133,32,44,0.0625
0.81304347826086953,32,44,0.125
0.59999999999999998,32,44,0.25
0.59999999999999998,32,44,0.5
0.59999999999999998,32,44,1
0.59999999999999998,32,44,2
0.59999999999999998,32,44,4
0.59999999999999998,32,44,8
0.59999999999999998,32,44,16
0.59999999999999998,32,44,32
0.59999999999999998,32,44,64
0.59999999999999998,32,44,128
0.59999999999999998,32,44,256
0.59999999999999998,32,44,512
0.87391304347826082,64,44,0.001953125
0.89130434782608692,64,44,0.00390625
0.90000000000000002,64,44,0.0078125
0.92173913043478262,64,44,0.015625
0.91304347826086951,64,44,0.03125
0.86086956521739133,64,44,0.0625
0.81304347826086953,64,44,0.125
0.59999999999999998,64,44,0.25
0.59999999999999998,64,44,0.5
0.59999999999999998,64,44,1
0.59999999999999998,64,44,2
0.59999999999999998,64,44,4
0.59999999999999998,64,44,8
0.59999999999999998,64,44,16
0.59999999999999998,64,44,32
0.59999999999999998,64,44,64
0.59999999999999998,64,44,128
0.59999999999999998,64,44,256
0.59999999999999998,64,44,512
0.89130434782608692,128,44,0.001953125
0.89565217391304353,128,44,0.00390625
0.90000000000000002,128,44,0.0078125
0.92173913043478262,128,44,0.015625
0.91304347826086951,128,44,0.03125
0.86086956521739133,128,44,0.0625
0.81304347826086953,128,44,0.125
0.59999999999999998,128,44,0.25
0.59999999999999998,128,44,0.5
0.59999999999999998,128,44,1
0.59999999999999998,128,44,2
0.59999999999999998,128,44,4
0.59999999999999998,128,44,8
0.59999999999999998,128,44,16
0.59999999999999998,128,44,32
0.59999999999999998,128,44,64
0.59999999999999998,128,44,128
0.59999999999999998,128,44,256
0.59999999999999998,128,44,512
0.88260869565217392,256,44,0.001953125
0.89565217391304353,256,44,0.00390625
0.90000000000000002,256,44,0.0078125
0.92173913043478262,256,44,0.015625
0.91304347826086951,256,44,0.03125
0.86086956521739133,256,44,0.0625
0.81304347826086953,256,44,0.125
0.59999999999999998,256,44,0.25
0.59999999999999998,256,44,0.5
0.59999999999999998,256,44,1
0.59999999999999998,256,44,2
0.59999999999999998,256,44,4
0.59999999999999998,256,44,8
0.59999999999999998,256,44,16
0.59999999999999998,256,44,32
0.59999999999999998,256,44,64
0.59999999999999998,256,44,128
0.59999999999999998,256,44,256
0.59999999999999998,256,44,512
0.88695652173913042,512,44,0.001953125
0.89565217391304353,512,44,0.00390625
0.90000000000000002,512,44,0.0078125
0.92173913043478262,512,44,0.015625
0.91304347826086951,512,44,0.03125
0.86086956521739133,512,44,0.0625
0.81304347826086953,512,44,0.125
0.59999999999999998,512,44,0.25
0.59999999999999998,512,44,0.5
0.59999999999999998,512,44,1
0.59999999999999998,512,44,2
0.59999999999999998,512,44,4
0.59999999999999998,512,44,8
0.59999999999999998,512,44,16
0.59999999999999998,512,44,32
0.59999999999999998,512,44,64
0.59999999999999998,512,44,128
0.59999999999999998,512,44,256
0.59999999999999998,512,44,512
0.56521739130434778,0.001953125,66,0.001953125
0.56521739130434778,0.001953125,66,0.00390625
0.56521739130434778,0.001953125,66,0.0078125
0.56521739130434778,0.001953125,66,0.015625
0.56521739130434778,0.001953125,66,0.03125
0.56521739130434778,0.001953125,66,0.0625
0.5304347826086957,0.001953125,66,0.125
0.56521739130434778,0.001953125,66,0.25
0.56521739130434778,0.001953125,66,0.5
0.56521739130434778,0.001953125,66,1
0.56521739130434778,0.001953125,66,2
0.56521739130434778,0.001953125,66,4
0.56521739130434778,0.001953125,66,8
0.56521739130434778,0.001953125,66,16
0.56521739130434778,0.001953125,66,32
0.56521739130434778,0.001953125,66,64
0.56521739130434778,0.001953125,66,128
0.56521739130434778,0.001953125,66,256
0.56521739130434778,0.001953125,66,512
0.56521739130434778,0.00390625,66,0.001953125
0.56521739130434778,0.00390625,66,0.00390625
0.56521739130434778,0.00390625,66,0.0078125
0.56521739130434778,0.00390625,66,0.015625
0.56521739130434778,0.00390625,66,0.03125
0.56521739130434778,0.00390625,66,0.0625
0.5304347826086957,0.00390625,66,0.125
0.56521739130434778,0.00390625,66,0.25
0.56521739130434778,0.00390625,66,0.5
0.56521739130434778,0.00390625,66,1
0.56521739130434778,0.00390625,66,2
0.56521739130434778,0.00390625,66,4
0.56521739130434778,0.00390625,66,8
0.56521739130434778,0.00390625,66,16
0.56521739130434778,0.00390625,66,32
0.56521739130434778,0.00390625,66,64
0.56521739130434778,0.00390625,66,128
0.56521739130434778,0.00390625,66,256
0.56521739130434778,0.00390625,66,512
0.56521739130434778,0.0078125,66,0.001953125
0.56521739130434778,0.0078125,66,0.00390625
0.56521739130434778,0.0078125,66,0.0078125
0.56521739130434778,0.0078125,66,0.015625
0.56521739130434778,0.0078125,66,0.03125
0.56521739130434778,0.0078125,66,0.0625
0.5304347826086957,0.0078125,66,0.125
0.56521739130434778,0.0078125,66,0.25
0.56521739130434778,0.0078125,66,0.5
0.56521739130434778,0.0078125,66,1
0.56521739130434778,0.0078125,66,2
0.56521739130434778,0.0078125,66,4
0.56521739130434778,0.0078125,66,8
0.56521739130434778,0.0078125,66,16
0.56521739130434778,0.0078125,66,32
0.56521739130434778,0.0078125,66,64
0.56521739130434778,0.0078125,66,128
0.56521739130434778,0.0078125,66,256
0.56521739130434778,0.0078125,66,512
0.56521739130434778,0.015625,66,0.001953125
0.56521739130434778,0.015625,66,0.00390625
0.56521739130434778,0.015625,66,0.0078125
0.56521739130434778,0.015625,66,0.015625
0.56521739130434778,0.015625,66,0.03125
0.56521739130434778,0.015625,66,0.0625
0.5304347826086957,0.015625,66,0.125
0.56521739130434778,0.015625,66,0.25
0.56521739130434778,0.015625,66,0.5
0.56521739130434778,0.015625,66,1
0.56521739130434778,0.015625,66,2
0.56521739130434778,0.015625,66,4
0.56521739130434778,0.015625,66,8
0.56521739130434778,0.015625,66,16
0.56521739130434778,0.015625,66,32
0.56521739130434778,0.015625,66,64
0.56521739130434778,0.015625,66,128
0.56521739130434778,0.015625,66,256
0.56521739130434778,0.015625,66,512
0.56521739130434778,0.03125,66,0.001953125
0.56521739130434778,0.03125,66,0.00390625
0.56521739130434778,0.03125,66,0.0078125
0.56521739130434778,0.03125,66,0.015625
0.56521739130434778,0.03125,66,0.03125
0.56521739130434778,0.03125,66,0.0625
0.5304347826086957,0.03125,66,0.125
0.56521739130434778,0.03125,66,0.25
0.56521739130434778,0.03125,66,0.5
0.56521739130434778,0.03125,66,1
0.56521739130434778,0.03125,66,2
0.56521739130434778,0.03125,66,4
0.56521739130434778,0.03125,66,8
0.56521739130434778,0.03125,66,16
0.56521739130434778,0.03125,66,32
0.56521739130434778,0.03125,66,64
0.56521739130434778,0.03125,66,128
0.56521739130434778,0.03125,66,256
0.56521739130434778,0.03125,66,512
0.56521739130434778,0.0625,66,0.001953125
0.56521739130434778,0.0625,66,0.00390625
0.61304347826086958,0.0625,66,0.0078125
0.71739130434782605,0.0625,66,0.015625
0.73478260869565215,0.0625,66,0.03125
0.56521739130434778,0.0625,66,0.0625
0.5304347826086957,0.0625,66,0.125
0.56521739130434778,0.0625,66,0.25
0.56521739130434778,0.0625,66,0.5
0.56521739130434778,0.0625,66,1
0.56521739130434778,0.0625,66,2
0.56521739130434778,0.0625,66,4
0.56521739130434778,0.0625,66,8
0.56521739130434778,0.0625,66,16
0.56521739130434778,0.0625,66,32
0.56521739130434778,0.0625,66,64
0.56521739130434778,0.0625,66,128
0.56521739130434778,0.0625,66,256
0.56521739130434778,0.0625,66,512
0.56521739130434778,0.125,66,0.001953125
0.60869565217391308,0.125,66,0.00390625
0.77391304347826084,0.125,66,0.0078125
0.80869565217391304,0.125,66,0.015625
0.69999999999999996,0.125,66,0.03125
0.61304347826086958,0.125,66,0.0625
0.5304347826086957,0.125,66,0.125
0.56521739130434778,0.125,66,0.25
0.56521739130434778,0.125,66,0.5
0.56521739130434778,0.125,66,1
0.56521739130434778,0.125,66,2
0.56521739130434778,0.125,66,4
0.56521739130434778,0.125,66,8
0.56521739130434778,0.125,66,16
0.56521739130434778,0.125,66,32
0.56521739130434778,0.125,66,64
0.56521739130434778,0.125,66,128
0.56521739130434778,0.125,66,256
0.56521739130434778,0.125,66,512
0.57826086956521738,0.25,66,0.001953125
0.79565217391304344,0.25,66,0.00390625
0.83913043478260874,0.25,66,0.0078125
0.82173913043478264,0.25,66,0.015625
0.75217391304347825,0.25,66,0.03125
0.62608695652173918,0.25,66,0.0625
0.5304347826086957,0.25,66,0.125
0.56521739130434778,0.25,66,0.25
0.56521739130434778,0.25,66,0.5
0.56521739130434778,0.25,66,1
0.56521739130434778,0.25,66,2
0.56521739130434778,0.25,66,4
0.56521739130434778,0.25,66,8
0.56521739130434778,0.25,66,16
0.56521739130434778,0.25,66,32
0.56521739130434778,0.25,66,64
0.56521739130434778,0.25,66,128
0.56521739130434778,0.25,66,256
0.56521739130434778,0.25,66,512
0.81739130434782614,0.5,66,0.001953125
0.83478260869565213,0.5,66,0.00390625
0.85652173913043483,0.5,66,0.0078125
0.84782608695652173,0.5,66,0.015625
0.80434782608695654,0.5,66,0.03125
0.70869565217391306,0.5,66,0.0625
0.4956521739130435,0.5,66,0.125
0.56521739130434778,0.5,66,0.25
0.56521739130434778,0.5,66,0.5
0.56521739130434778,0.5,66,1
0.56521739130434778,0.5,66,2
0.56521739130434778,0.5,66,4
0.56521739130434778,0.5,66,8
0.56521739130434778,0.5,66,16
0.56521739130434778,0.5,66,32
0.56521739130434778,0.5,66,64
0.56521739130434778,0.5,66,128
0.56521739130434778,0.5,66,256
0.56521739130434778,0.5,66,512
0.86086956521739133,1,66,0.001953125
0.88260869565217392,1,66,0.00390625
0.89130434782608692,1,66,0.0078125
0.88260869565217392,1,66,0.015625
0.83913043478260874,1,66,0.03125
0.79130434782608694,1,66,0.0625
0.59999999999999998,1,66,0.125
0.59999999999999998,1,66,0.25
0.59999999999999998,1,66,0.5
0.59999999999999998,1,66,1
0.59999999999999998,1,66,2
0.59999999999999998,1,66,4
0.59999999999999998,1,66,8
0.59999999999999998,1,66,16
0.59999999999999998,1,66,32
0.59999999999999998,1,66,64
0.59999999999999998,1,66,128
0.59999999999999998,1,66,256
0.59999999999999998,1,66,512
0.91304347826086951,2,66,0.001953125
0.91304347826086951,2,66,0.00390625
0.90434782608695652,2,66,0.0078125
0.89130434782608692,2,66,0.015625
0.85217391304347823,2,66,0.03125
0.79565217391304344,2,66,0.0625
0.59999999999999998,2,66,0.125
0.59999999999999998,2,66,0.25
0.59999999999999998,2,66,0.5
0.59999999999999998,2,66,1
0.59999999999999998,2,66,2
0.59999999999999998,2,66,4
0.59999999999999998,2,66,8
0.59999999999999998,2,66,16
0.59999999999999998,2,66,32
0.59999999999999998,2,66,64
0.59999999999999998,2,66,128
0.59999999999999998,2,66,256
0.59999999999999998,2,66,512
0.90434782608695652,4,66,0.001953125
0.91739130434782612,4,66,0.00390625
0.91304347826086951,4,66,0.0078125
0.89565217391304353,4,66,0.015625
0.85217391304347823,4,66,0.03125
0.79565217391304344,4,66,0.0625
0.59999999999999998,4,66,0.125
0.59999999999999998,4,66,0.25
0.59999999999999998,4,66,0.5
0.59999999999999998,4,66,1
0.59999999999999998,4,66,2
0.59999999999999998,4,66,4
0.59999999999999998,4,66,8
0.59999999999999998,4,66,16
0.59999999999999998,4,66,32
0.59999999999999998,4,66,64
0.59999999999999998,4,66,128
0.59999999999999998,4,66,256
0.59999999999999998,4,66,512
0.91739130434782612,8,66,0.001953125
0.92608695652173911,8,66,0.00390625
0.91739130434782612,8,66,0.0078125
0.89565217391304353,8,66,0.015625
0.85217391304347823,8,66,0.03125
0.79565217391304344,8,66,0.0625
0.59999999999999998,8,66,0.125
0.59999999999999998,8,66,0.25
0.59999999999999998,8,66,0.5
0.59999999999999998,8,66,1
0.59999999999999998,8,66,2
0.59999999999999998,8,66,4
0.59999999999999998,8,66,8
0.59999999999999998,8,66,16
0.59999999999999998,8,66,32
0.59999999999999998,8,66,64
0.59999999999999998,8,66,128
0.59999999999999998,8,66,256
0.59999999999999998,8,66,512
0.91304347826086951,16,66,0.001953125
0.93478260869565222,16,66,0.00390625
0.91739130434782612,16,66,0.0078125
0.89565217391304353,16,66,0.015625
0.85217391304347823,16,66,0.03125
0.79565217391304344,16,66,0.0625
0.59999999999999998,16,66,0.125
0.59999999999999998,16,66,0.25
0.59999999999999998,16,66,0.5
0.59999999999999998,16,66,1
0.59999999999999998,16,66,2
0.59999999999999998,16,66,4
0.59999999999999998,16,66,8
0.59999999999999998,16,66,16
0.59999999999999998,16,66,32
0.59999999999999998,16,66,64
0.59999999999999998,16,66,128
0.59999999999999998,16,66,256
0.59999999999999998,16,66,512
0.90869565217391302,32,66,0.001953125
0.93913043478260871,32,66,0.00390625
0.91739130434782612,32,66,0.0078125
0.89565217391304353,32,66,0.015625
0.85217391304347823,32,66,0.03125
0.79565217391304344,32,66,0.0625
0.59999999999999998,32,66,0.125
0.59999999999999998,32,66,0.25
0.59999999999999998,32,66,0.5
0.59999999999999998,32,66,1
0.59999999999999998,32,66,2
0.59999999999999998,32,66,4
0.59999999999999998,32,66,8
0.59999999999999998,32,66,16
0.59999999999999998,32,66,32
0.59999999999999998,32,66,64
0.59999999999999998,32,66,128
0.59999999999999998,32,66,256
0.59999999999999998,32,66,512
0.93478260869565222,64,66,0.001953125
0.93913043478260871,64,66,0.00390625
0.91739130434782612,64,66,0.0078125
0.89565217391304353,64,66,0.015625
0.85217391304347823,64,66,0.03125
0.79565217391304344,64,66,0.0625
0.59999999999999998,64,66,0.125
0.59999999999999998,64,66,0.25
0.59999999999999998,64,66,0.5
0.59999999999999998,64,66,1
0.59999999999999998,64,66,2
0.59999999999999998,64,66,4
0.59999999999999998,64,66,8
0.59999999999999998,64,66,16
0.59999999999999998,64,66,32
0.59999999999999998,64,66,64
0.59999999999999998,64,66,128
0.59999999999999998,64,66,256
0.59999999999999998,64,66,512
0.93478260869565222,128,66,0.001953125
0.93913043478260871,128,66,0.00390625
0.91739130434782612,128,66,0.0078125
0.89565217391304353,128,66,0.015625
0.85217391304347823,128,66,0.03125
0.79565217391304344,128,66,0.0625
0.59999999999999998,128,66,0.125
0.59999999999999998,128,66,0.25
0.59999999999999998,128,66,0.5
0.59999999999999998,128,66,1
0.59999999999999998,128,66,2
0.59999999999999998,128,66,4
0.59999999999999998,128,66,8
0.59999999999999998,128,66,16
0.59999999999999998,128,66,32
0.59999999999999998,128,66,64
0.59999999999999998,128,66,128
0.59999999999999998,128,66,256
0.59999999999999998,128,66,512
0.93478260869565222,256,66,0.001953125
0.93913043478260871,256,66,0.00390625
0.91739130434782612,256,66,0.0078125
0.89565217391304353,256,66,0.015625
0.85217391304347823,256,66,0.03125
0.79565217391304344,256,66,0.0625
0.59999999999999998,256,66,0.125
0.59999999999999998,256,66,0.25
0.59999999999999998,256,66,0.5
0.59999999999999998,256,66,1
0.59999999999999998,256,66,2
0.59999999999999998,256,66,4
0.59999999999999998,256,66,8
0.59999999999999998,256,66,16
0.59999999999999998,256,66,32
0.59999999999999998,256,66,64
0.59999999999999998,256,66,128
0.59999999999999998,256,66,256
0.59999999999999998,256,66,512
0.93478260869565222,512,66,0.001953125
0.93913043478260871,512,66,0.00390625
0.91739130434782612,512,66,0.0078125
0.89565217391304353,512,66,0.015625
0.85217391304347823,512,66,0.03125
0.79565217391304344,512,66,0.0625
0.59999999999999998,512,66,0.125
0.59999999999999998,512,66,0.25
0.59999999999999998,512,66,0.5
0.59999999999999998,512,66,1
0.59999999999999998,512,66,2
0.59999999999999998,512,66,4
0.59999999999999998,512,66,8
0.59999999999999998,512,66,16
0.59999999999999998,512,66,32
0.59999999999999998,512,66,64
0.59999999999999998,512,66,128
0.59999999999999998,512,66,256
0.59999999999999998,512,66,512
0.56521739130434778,0.001953125,116,0.001953125
0.56521739130434778,0.001953125,116,0.00390625
0.56521739130434778,0.001953125,116,0.0078125
0.56521739130434778,0.001953125,116,0.015625
0.56521739130434778,0.001953125,116,0.03125
0.58260869565217388,0.001953125,116,0.0625
0.56521739130434778,0.001953125,116,0.125
0.56521739130434778,0.001953125,116,0.25
0.56521739130434778,0.001953125,116,0.5
0.56521739130434778,0.001953125,116,1
0.56521739130434778,0.001953125,116,2
0.56521739130434778,0.001953125,116,4
0.56521739130434778,0.001953125,116,8
0.56521739130434778,0.001953125,116,16
0.56521739130434778,0.001953125,116,32
0.56521739130434778,0.001953125,116,64
0.56521739130434778,0.001953125,116,128
0.56521739130434778,0.001953125,116,256
0.56521739130434778,0.001953125,116,512
0.56521739130434778,0.00390625,116,0.001953125
0.56521739130434778,0.00390625,116,0.00390625
0.56521739130434778,0.00390625,116,0.0078125
0.56521739130434778,0.00390625,116,0.015625
0.56521739130434778,0.00390625,116,0.03125
0.58260869565217388,0.00390625,116,0.0625
0.56521739130434778,0.00390625,116,0.125
0.56521739130434778,0.00390625,116,0.25
0.56521739130434778,0.00390625,116,0.5
0.56521739130434778,0.00390625,116,1
0.56521739130434778,0.00390625,116,2
0.56521739130434778,0.00390625,116,4
0.56521739130434778,0.00390625,116,8
0.56521739130434778,0.00390625,116,16
0.56521739130434778,0.00390625,116,32
0.56521739130434778,0.00390625,116,64
0.56521739130434778,0.00390625,116,128
0.56521739130434778,0.00390625,116,256
0.56521739130434778,0.00390625,116,512
0.56521739130434778,0.0078125,116,0.001953125
0.56521739130434778,0.0078125,116,0.00390625
0.56521739130434778,0.0078125,116,0.0078125
0.56521739130434778,0.0078125,116,0.015625
0.56521739130434778,0.0078125,116,0.03125
0.58260869565217388,0.0078125,116,0.0625
0.56521739130434778,0.0078125,116,0.125
0.56521739130434778,0.0078125,116,0.25
0.56521739130434778,0.0078125,116,0.5
0.56521739130434778,0.0078125,116,1
0.56521739130434778,0.0078125,116,2
0.56521739130434778,0.0078125,116,4
0.56521739130434778,0.0078125,116,8
0.56521739130434778,0.0078125,116,16
0.56521739130434778,0.0078125,116,32
0.56521739130434778,0.0078125,116,64
0.56521739130434778,0.0078125,116,128
0.56521739130434778,0.0078125,116,256
0.56521739130434778,0.0078125,116,512
0.56521739130434778,0.015625,116,0.001953125
0.56521739130434778,0.015625,116,0.00390625
0.56521739130434778,0.015625,116,0.0078125
0.56521739130434778,0.015625,116,0.015625
0.54782608695652169,0.015625,116,0.03125
0.58260869565217388,0.015625,116,0.0625
0.56521739130434778,0.015625,116,0.125
0.56521739130434778,0.015625,116,0.25
0.56521739130434778,0.015625,116,0.5
0.56521739130434778,0.015625,116,1
0.56521739130434778,0.015625,116,2
0.56521739130434778,0.015625,116,4
0.56521739130434778,0.015625,116,8
0.56521739130434778,0.015625,116,16
0.56521739130434778,0.015625,116,32
0.56521739130434778,0.015625,116,64
0.56521739130434778,0.015625,116,128
0.56521739130434778,0.015625,116,256
0.56521739130434778,0.015625,116,512
0.56521739130434778,0.03125,116,0.001953125
0.56521739130434778,0.03125,116,0.00390625
0.56521739130434778,0.03125,116,0.0078125
0.56521739130434778,0.03125,116,0.015625
0.5304347826086957,0.03125,116,0.03125
0.58260869565217388,0.03125,116,0.0625
0.56521739130434778,0.03125,116,0.125
0.56521739130434778,0.03125,116,0.25
0.56521739130434778,0.03125,116,0.5
0.56521739130434778,0.03125,116,1
0.56521739130434778,0.03125,116,2
0.56521739130434778,0.03125,116,4
0.56521739130434778,0.03125,116,8
0.56521739130434778,0.03125,116,16
0.56521739130434778,0.03125,116,32
0.56521739130434778,0.03125,116,64
0.56521739130434778,0.03125,116,128
0.56521739130434778,0.03125,116,256
0.56521739130434778,0.03125,116,512
0.56521739130434778,0.0625,116,0.001953125
0.56521739130434778,0.0625,116,0.00390625
0.56521739130434778,0.0625,116,0.0078125
0.56521739130434778,0.0625,116,0.015625
0.5304347826086957,0.0625,116,0.03125
0.58260869565217388,0.0625,116,0.0625
0.56521739130434778,0.0625,116,0.125
0.56521739130434778,0.0625,116,0.25
0.56521739130434778,0.0625,116,0.5
0.56521739130434778,0.0625,116,1
0.56521739130434778,0.0625,116,2
0.56521739130434778,0.0625,116,4
0.56521739130434778,0.0625,116,8
0.56521739130434778,0.0625,116,16
0.56521739130434778,0.0625,116,32
0.56521739130434778,0.0625,116,64
0.56521739130434778,0.0625,116,128
0.56521739130434778,0.0625,116,256
0.56521739130434778,0.0625,116,512
0.56956521739130439,0.125,116,0.001953125
0.64347826086956517,0.125,116,0.00390625
0.73913043478260865,0.125,116,0.0078125
0.69130434782608696,0.125,116,0.015625
0.5304347826086957,0.125,116,0.03125
0.58260869565217388,0.125,116,0.0625
0.56521739130434778,0.125,116,0.125
0.56521739130434778,0.125,116,0.25
0.56521739130434778,0.125,116,0.5
0.56521739130434778,0.125,116,1
0.56521739130434778,0.125,116,2
0.56521739130434778,0.125,116,4
0.56521739130434778,0.125,116,8
0.56521739130434778,0.125,116,16
0.56521739130434778,0.125,116,32
0.56521739130434778,0.125,116,64
0.56521739130434778,0.125,116,128
0.56521739130434778,0.125,116,256
0.56521739130434778,0.125,116,512
0.63478260869565217,0.25,116,0.001953125
0.76521739130434785,0.25,116,0.00390625
0.74347826086956526,0.25,116,0.0078125
0.67391304347826086,0.25,116,0.015625
0.59999999999999998,0.25,116,0.03125
0.58260869565217388,0.25,116,0.0625
0.56521739130434778,0.25,116,0.125
0.56521739130434778,0.25,116,0.25
0.56521739130434778,0.25,116,0.5
0.56521739130434778,0.25,116,1
0.56521739130434778,0.25,116,2
0.56521739130434778,0.25,116,4
0.56521739130434778,0.25,116,8
0.56521739130434778,0.25,116,16
0.56521739130434778,0.25,116,32
0.56521739130434778,0.25,116,64
0.56521739130434778,0.25,116,128
0.56521739130434778,0.25,116,256
0.56521739130434778,0.25,116,512
0.79565217391304344,0.5,116,0.001953125
0.78695652173913044,0.5,116,0.00390625
0.76956521739130435,0.5,116,0.0078125
0.74782608695652175,0.5,116,0.015625
0.63043478260869568,0.5,116,0.03125
0.58260869565217388,0.5,116,0.0625
0.56521739130434778,0.5,116,0.125
0.56521739130434778,0.5,116,0.25
0.56521739130434778,0.5,116,0.5
0.56521739130434778,0.5,116,1
0.56521739130434778,0.5,116,2
0.56521739130434778,0.5,116,4
0.56521739130434778,0.5,116,8
0.56521739130434778,0.5,116,16
0.56521739130434778,0.5,116,32
0.56521739130434778,0.5,116,64
0.56521739130434778,0.5,116,128
0.56521739130434778,0.5,116,256
0.56521739130434778,0.5,116,512
0.80000000000000004,1,116,0.001953125
0.81739130434782614,1,116,0.00390625
0.81304347826086953,1,116,0.0078125
0.79130434782608694,1,116,0.015625
0.76956521739130435,1,116,0.03125
0.59999999999999998,1,116,0.0625
0.59999999999999998,1,116,0.125
0.59999999999999998,1,116,0.25
0.59999999999999998,1,116,0.5
0.59999999999999998,1,116,1
0.59999999999999998,1,116,2
0.59999999999999998,1,116,4
0.59999999999999998,1,116,8
0.59999999999999998,1,116,16
0.59999999999999998,1,116,32
0.59999999999999998,1,116,64
0.59999999999999998,1,116,128
0.59999999999999998,1,116,256
0.59999999999999998,1,116,512
0.85652173913043483,2,116,0.001953125
0.86086956521739133,2,116,0.00390625
0.83478260869565213,2,116,0.0078125
0.81304347826086953,2,116,0.015625
0.77826086956521734,2,116,0.03125
0.59999999999999998,2,116,0.0625
0.59999999999999998,2,116,0.125
0.59999999999999998,2,116,0.25
0.59999999999999998,2,116,0.5
0.59999999999999998,2,116,1
0.59999999999999998,2,116,2
0.59999999999999998,2,116,4
0.59999999999999998,2,116,8
0.59999999999999998,2,116,16
0.59999999999999998,2,116,32
0.59999999999999998,2,116,64
0.59999999999999998,2,116,128
0.59999999999999998,2,116,256
0.59999999999999998,2,116,512
0.86521739130434783,4,116,0.001953125
0.86521739130434783,4,116,0.00390625
0.83478260869565213,4,116,0.0078125
0.81304347826086953,4,116,0.015625
0.77826086956521734,4,116,0.03125
0.59999999999999998,4,116,0.0625
0.59999999999999998,4,116,0.125
0.59999999999999998,4,116,0.25
0.59999999999999998,4,116,0.5
0.59999999999999998,4,116,1
0.59999999999999998,4,116,2
0.59999999999999998,4,116,4
0.59999999999999998,4,116,8
0.59999999999999998,4,116,16
0.59999999999999998,4,116,32
0.59999999999999998,4,116,64
0.59999999999999998,4,116,128
0.59999999999999998,4,116,256
0.59999999999999998,4,116,512
0.87391304347826082,8,116,0.001953125
0.86521739130434783,8,116,0.00390625
0.83478260869565213,8,116,0.0078125
0.81304347826086953,8,116,0.015625
0.77826086956521734,8,116,0.03125
0.59999999999999998,8,116,0.0625
0.59999999999999998,8,116,0.125
0.59999999999999998,8,116,0.25
0.59999999999999998,8,116,0.5
0.59999999999999998,8,116,1
0.59999999999999998,8,116,2
0.59999999999999998,8,116,4
0.59999999999999998,8,116,8
0.59999999999999998,8,116,16
0.59999999999999998,8,116,32
0.59999999999999998,8,116,64
0.59999999999999998,8,116,128
0.59999999999999998,8,116,256
0.59999999999999998,8,116,512
0.87391304347826082,16,116,0.001953125
0.86521739130434783,16,116,0.00390625
0.83478260869565213,16,116,0.0078125
0.81304347826086953,16,116,0.015625
0.77826086956521734,16,116,0.03125
0.59999999999999998,16,116,0.0625
0.59999999999999998,16,116,0.125
0.59999999999999998,16,116,0.25
0.59999999999999998,16,116,0.5
0.59999999999999998,16,116,1
0.59999999999999998,16,116,2
0.59999999999999998,16,116,4
0.59999999999999998,16,116,8
0.59999999999999998,16,116,16
0.59999999999999998,16,116,32
0.59999999999999998,16,116,64
0.59999999999999998,16,116,128
0.59999999999999998,16,116,256
0.59999999999999998,16,116,512
0.87391304347826082,32,116,0.001953125
0.86521739130434783,32,116,0.00390625
0.83478260869565213,32,116,0.0078125
0.81304347826086953,32,116,0.015625
0.77826086956521734,32,116,0.03125
0.59999999999999998,32,116,0.0625
0.59999999999999998,32,116,0.125
0.59999999999999998,32,116,0.25
0.59999999999999998,32,116,0.5
0.59999999999999998,32,116,1
0.59999999999999998,32,116,2
0.59999999999999998,32,116,4
0.59999999999999998,32,116,8
0.59999999999999998,32,116,16
0.59999999999999998,32,116,32
0.59999999999999998,32,116,64
0.59999999999999998,32,116,128
0.59999999999999998,32,116,256
0.59999999999999998,32,116,512
0.87391304347826082,64,116,0.001953125
0.86521739130434783,64,116,0.00390625
0.83478260869565213,64,116,0.0078125
0.81304347826086953,64,116,0.015625
0.77826086956521734,64,116,0.03125
0.59999999999999998,64,116,0.0625
0.59999999999999998,64,116,0.125
0.59999999999999998,64,116,0.25
0.59999999999999998,64,116,0.5
0.59999999999999998,64,116,1
0.59999999999999998,64,116,2
0.59999999999999998,64,116,4
0.59999999999999998,64,116,8
0.59999999999999998,64,116,16
0.59999999999999998,64,116,32
0.59999999999999998,64,116,64
0.59999999999999998,64,116,128
0.59999999999999998,64,116,256
0.59999999999999998,64,116,512
0.87391304347826082,128,116,0.001953125
0.86521739130434783,128,116,0.00390625
0.83478260869565213,128,116,0.0078125
0.81304347826086953,128,116,0.015625
0.77826086956521734,128,116,0.03125
0.59999999999999998,128,116,0.0625
0.59999999999999998,128,116,0.125
0.59999999999999998,128,116,0.25
0.59999999999999998,128,116,0.5
0.59999999999999998,128,116,1
0.59999999999999998,128,116,2
0.59999999999999998,128,116,4
0.59999999999999998,128,116,8
0.59999999999999998,128,116,16
0.59999999999999998,128,116,32
0.59999999999999998,128,116,64
0.59999999999999998,128,116,128
0.59999999999999998,128,116,256
0.59999999999999998,128,116,512
0.87391304347826082,256,116,0.001953125
0.86521739130434783,256,116,0.00390625
0.83478260869565213,256,116,0.0078125
0.81304347826086953,256,116,0.015625
0.77826086956521734,256,116,0.03125
0.59999999999999998,256,116,0.0625
0.59999999999999998,256,116,0.125
0.59999999999999998,256,116,0.25
0.59999999999999998,256,116,0.5
0.59999999999999998,256,116,1
0.59999999999999998,256,116,2
0.59999999999999998,256,116,4
0.59999999999999998,256,116,8
0.59999999999999998,256,116,16
0.59999999999999998,256,116,32
0.59999999999999998,256,116,64
0.59999999999999998,256,116,128
0.59999999999999998,256,116,256
0.59999999999999998,256,116,512
0.87391304347826082,512,116,0.001953125
0.86521739130434783,512,116,0.00390625
0.83478260869565213,512,116,0.0078125
0.81304347826086953,512,116,0.015625
0.77826086956521734,512,116,0.03125
0.59999999999999998,512,116,0.0625
0.59999999999999998,512,116,0.125
0.59999999999999998,512,116,0.25
0.59999999999999998,512,116,0.5
0.59999999999999998,512,116,1
0.59999999999999998,512,116,2
0.59999999999999998,512,116,4
0.59999999999999998,512,116,8
0.59999999999999998,512,116,16
0.59999999999999998,512,116,32
0.59999999999999998,512,116,64
0.59999999999999998,512,116,128
0.59999999999999998,512,116,256
0.59999999999999998,512,116,512
